
/home/runner/work/exp-differential-gps-nitk/exp-differential-gps-nitk/experiment/simulation/js/dgps.js
     4:5   warning  'p' is assigned a value but never used              no-unused-vars
    11:5   warning  'flag' is assigned a value but never used           no-unused-vars
    12:5   warning  'itv' is assigned a value but never used            no-unused-vars
    13:5   warning  'qCount' is assigned a value but never used         no-unused-vars
    14:5   warning  'inferenceData' is assigned a value but never used  no-unused-vars
    24:5   warning  'inCount' is assigned a value but never used        no-unused-vars
    25:5   warning  'secondSetup' is assigned a value but never used    no-unused-vars
    45:5   warning  'unmarkedGcp' is assigned a value but never used    no-unused-vars
   121:5   warning  'nextFunction' is not defined                       no-undef
   128:7   warning  'nextFunction' is not defined                       no-undef
   158:10  warning  'generateQuestion1' is defined but never used       no-unused-vars
   181:10  warning  'navNext' is defined but never used                 no-unused-vars
   185:3   warning  'simsubscreennum' is not defined                    no-undef
   186:38  warning  'simsubscreennum' is not defined                    no-undef
   223:10  warning  'checkInputValid' is defined but never used         no-unused-vars
   228:7   warning  'simsubscreennum' is not defined                    no-undef
   261:14  warning  'simsubscreennum' is not defined                    no-undef
   352:14  warning  'simsubscreennum' is not defined                    no-undef
   413:14  warning  'simsubscreennum' is not defined                    no-undef
   474:14  warning  'simsubscreennum' is not defined                    no-undef
   518:14  warning  'simsubscreennum' is not defined                    no-undef
   594:14  warning  'simsubscreennum' is not defined                    no-undef
   631:14  warning  'simsubscreennum' is not defined                    no-undef
   638:14  warning  'simsubscreennum' is not defined                    no-undef
  1238:14  warning  'simsubscreennum' is not defined                    no-undef
  1252:14  warning  'simsubscreennum' is not defined                    no-undef
  1282:14  warning  'simsubscreennum' is not defined                    no-undef
  1325:14  warning  'simsubscreennum' is not defined                    no-undef
  1361:14  warning  'simsubscreennum' is not defined                    no-undef
  1401:14  warning  'simsubscreennum' is not defined                    no-undef
  1434:14  warning  'simsubscreennum' is not defined                    no-undef
  1450:14  warning  'simsubscreennum' is not defined                    no-undef
  2065:14  warning  'simsubscreennum' is not defined                    no-undef
  2097:5   warning  'tableContent' is assigned a value but never used   no-unused-vars
  2098:10  warning  'enableSatellite' is defined but never used         no-unused-vars
  2138:5   warning  'blinking' is assigned a value but never used       no-unused-vars
  2159:25  warning  'i' is defined but never used                       no-unused-vars

✖ 37 problems (0 errors, 37 warnings)

